<?xml version="1.0"?>
<?xml-stylesheet href="./test-stage.xsl" type="text/xsl"?>
<!--
 * Open this page in Safari or Chrome.
 -->
<page>
    <stage>
        <data>
            <text>Some stats</text>
        </data>
    </stage>
</page>
