<?xml version="1.0"?>
<?xml-stylesheet href="./test-stage.xsl" type="text/xsl"?>
<!--
 * Open this page in Safari or Chrome.
 -->
<page>
    <stage>
        <data>
            <place></place>
            <docs>
                <doc>
                    <links>
                        <link href="/load:new%20document.txt" rel="load"/>
                        <link href="/un:new%20document.txt" rel="unshare"/>
                    </links>
                    <name>new document</name>
                    <type>application/pdf</type>
                    <author>John Doe</author>
                </doc>
                <doc>
                    <links>
                        <link href="/load:new%20document.txt" rel="load"/>
                        <link href="/un:new%20document.txt" rel="unshare"/>
                    </links>
                    <name>some other document</name>
                    <type>text/plain</type>
                    <author>Peter</author>
                </doc>
                <doc>
                    <links>
                        <link href="/load:new%20document.txt" rel="load"/>
                        <link href="/un:new%20document.txt" rel="unshare"/>
                    </links>
                    <name>some other document</name>
                    <type>application/x-zip-compressed</type>
                    <author>Peter</author>
                </doc>
                <doc>
                    <links>
                        <link href="/load:new%20document.txt" rel="load"/>
                        <link href="/un:new%20document.txt" rel="unshare"/>
                    </links>
                    <name>very long document name, very long document name, very long document name</name>
                    <type>application/octet-stream</type>
                    <author>Peter</author>
                </doc>
                <doc>
                    <links>
                        <link href="/load:new%20document.txt" rel="load"/>
                        <link href="/un:new%20document.txt" rel="unshare"/>
                    </links>
                    <name>some other document</name>
                    <type>text/plain</type>
                    <author>Very Long Name of AuthorVery Long Name of AuthorVery Long Name of Author</author>
                </doc>
                <doc>
                    <links>
                        <link href="/load:new%20document.txt" rel="load"/>
                        <link href="/un:new%20document.txt" rel="unshare"/>
                    </links>
                    <name>some other document</name>
                    <type>image/png</type>
                    <author>Peter</author>
                </doc>
                <doc>
                    <links>
                        <link href="/load:new%20document.txt" rel="load"/>
                        <link href="/un:new%20document.txt" rel="unshare"/>
                    </links>
                    <name>some other document</name>
                    <type>text/plain</type>
                    <author>Peter</author>
                </doc>
                <doc>
                    <links>
                        <link href="/load:new%20document.txt" rel="load"/>
                        <link href="/un:new%20document.txt" rel="unshare"/>
                    </links>
                    <name>some other document</name>
                    <type>text/plain</type>
                    <author>Peter</author>
                </doc>
                <doc>
                    <links>
                        <link href="/load:new%20document.txt" rel="load"/>
                        <link href="/un:new%20document.txt" rel="unshare"/>
                    </links>
                    <name>some other document</name>
                    <type>text/plain</type>
                    <author>Peter</author>
                </doc>
            </docs>
        </data>
    </stage>
</page>
